This is XeTeX, Version 3.141592653-2.6-0.999993 (TeX Live 2021) (preloaded format=xelatex 2021.11.16)  18 NOV 2021 22:52
entering extended mode
 restricted \write18 enabled.
 %&-line parsing enabled.
**bookdown-adv-stats.tex
(./bookdown-adv-stats.tex
LaTeX2e <2021-11-15>
L3 programming layer <2021-11-12> (/Users/haziqj/Library/TinyTeX/texmf-dist/tex
/latex/base/book.cls
Document Class: book 2021/10/04 v1.4n Standard LaTeX document class
(/Users/haziqj/Library/TinyTeX/texmf-dist/tex/latex/base/bk10.clo
File: bk10.clo 2021/10/04 v1.4n Standard LaTeX file (size option)
)
\c@part=\count179
\c@chapter=\count180
\c@section=\count181
\c@subsection=\count182
\c@subsubsection=\count183
\c@paragraph=\count184
\c@subparagraph=\count185
\c@figure=\count186
\c@table=\count187
\abovecaptionskip=\skip47
\belowcaptionskip=\skip48
\bibindent=\dimen138
) (/Users/haziqj/Library/TinyTeX/texmf-dist/tex/latex/amsmath/amsmath.sty
Package: amsmath 2021/10/15 v2.17l AMS math features
\@mathmargin=\skip49
For additional information on amsmath, use the `?' option.
(/Users/haziqj/Library/TinyTeX/texmf-dist/tex/latex/amsmath/amstext.sty
Package: amstext 2021/08/26 v2.01 AMS text
(/Users/haziqj/Library/TinyTeX/texmf-dist/tex/latex/amsmath/amsgen.sty
File: amsgen.sty 1999/11/30 v2.0 generic functions
\@emptytoks=\toks16
\ex@=\dimen139
)) (/Users/haziqj/Library/TinyTeX/texmf-dist/tex/latex/amsmath/amsbsy.sty
Package: amsbsy 1999/11/29 v1.2d Bold Symbols
\pmbraise@=\dimen140
) (/Users/haziqj/Library/TinyTeX/texmf-dist/tex/latex/amsmath/amsopn.sty
Package: amsopn 2021/08/26 v2.02 operator names
)
\inf@bad=\count188
LaTeX Info: Redefining \frac on input line 234.
\uproot@=\count189
\leftroot@=\count190
LaTeX Info: Redefining \overline on input line 399.
\classnum@=\count191
\DOTSCASE@=\count192
LaTeX Info: Redefining \ldots on input line 496.
LaTeX Info: Redefining \dots on input line 499.
LaTeX Info: Redefining \cdots on input line 620.
\Mathstrutbox@=\box50
\strutbox@=\box51
\big@size=\dimen141
LaTeX Font Info:    Redeclaring font encoding OML on input line 743.
LaTeX Font Info:    Redeclaring font encoding OMS on input line 744.
\macc@depth=\count193
\c@MaxMatrixCols=\count194
\dotsspace@=\muskip16
\c@parentequation=\count195
\dspbrk@lvl=\count196
\tag@help=\toks17
\row@=\count197
\column@=\count198
\maxfields@=\count199
\andhelp@=\toks18
\eqnshift@=\dimen142
\alignsep@=\dimen143
\tagshift@=\dimen144
\tagwidth@=\dimen145
\totwidth@=\dimen146
\lineht@=\dimen147
\@envbody=\toks19
\multlinegap=\skip50
\multlinetaggap=\skip51
\mathdisplay@stack=\toks20
LaTeX Info: Redefining \[ on input line 2938.
LaTeX Info: Redefining \] on input line 2939.
) (/Users/haziqj/Library/TinyTeX/texmf-dist/tex/latex/amsfonts/amssymb.sty
Package: amssymb 2013/01/14 v3.01 AMS font symbols
(/Users/haziqj/Library/TinyTeX/texmf-dist/tex/latex/amsfonts/amsfonts.sty
Package: amsfonts 2013/01/14 v3.01 Basic AMSFonts support
\symAMSa=\mathgroup4
\symAMSb=\mathgroup5
LaTeX Font Info:    Redeclaring math symbol \hbar on input line 98.
LaTeX Font Info:    Overwriting math alphabet `\mathfrak' in version `bold'
(Font)                  U/euf/m/n --> U/euf/b/n on input line 106.
)) (/Users/haziqj/Library/TinyTeX/texmf-dist/tex/latex/lm/lmodern.sty
Package: lmodern 2015/05/01 v1.6.1 Latin Modern Fonts
LaTeX Font Info:    Overwriting symbol font `operators' in version `normal'
(Font)                  OT1/cmr/m/n --> OT1/lmr/m/n on input line 22.
LaTeX Font Info:    Overwriting symbol font `letters' in version `normal'
(Font)                  OML/cmm/m/it --> OML/lmm/m/it on input line 23.
LaTeX Font Info:    Overwriting symbol font `symbols' in version `normal'
(Font)                  OMS/cmsy/m/n --> OMS/lmsy/m/n on input line 24.
LaTeX Font Info:    Overwriting symbol font `largesymbols' in version `normal'
(Font)                  OMX/cmex/m/n --> OMX/lmex/m/n on input line 25.
LaTeX Font Info:    Overwriting symbol font `operators' in version `bold'
(Font)                  OT1/cmr/bx/n --> OT1/lmr/bx/n on input line 26.
LaTeX Font Info:    Overwriting symbol font `letters' in version `bold'
(Font)                  OML/cmm/b/it --> OML/lmm/b/it on input line 27.
LaTeX Font Info:    Overwriting symbol font `symbols' in version `bold'
(Font)                  OMS/cmsy/b/n --> OMS/lmsy/b/n on input line 28.
LaTeX Font Info:    Overwriting symbol font `largesymbols' in version `bold'
(Font)                  OMX/cmex/m/n --> OMX/lmex/m/n on input line 29.
LaTeX Font Info:    Overwriting math alphabet `\mathbf' in version `normal'
(Font)                  OT1/cmr/bx/n --> OT1/lmr/bx/n on input line 31.
LaTeX Font Info:    Overwriting math alphabet `\mathsf' in version `normal'
(Font)                  OT1/cmss/m/n --> OT1/lmss/m/n on input line 32.
LaTeX Font Info:    Overwriting math alphabet `\mathit' in version `normal'
(Font)                  OT1/cmr/m/it --> OT1/lmr/m/it on input line 33.
LaTeX Font Info:    Overwriting math alphabet `\mathtt' in version `normal'
(Font)                  OT1/cmtt/m/n --> OT1/lmtt/m/n on input line 34.
LaTeX Font Info:    Overwriting math alphabet `\mathbf' in version `bold'
(Font)                  OT1/cmr/bx/n --> OT1/lmr/bx/n on input line 35.
LaTeX Font Info:    Overwriting math alphabet `\mathsf' in version `bold'
(Font)                  OT1/cmss/bx/n --> OT1/lmss/bx/n on input line 36.
LaTeX Font Info:    Overwriting math alphabet `\mathit' in version `bold'
(Font)                  OT1/cmr/bx/it --> OT1/lmr/bx/it on input line 37.
LaTeX Font Info:    Overwriting math alphabet `\mathtt' in version `bold'
(Font)                  OT1/cmtt/m/n --> OT1/lmtt/m/n on input line 38.
) (/Users/haziqj/Library/TinyTeX/texmf-dist/tex/generic/iftex/iftex.sty
Package: iftex 2020/03/06 v1.0d TeX engine tests
)
(/Users/haziqj/Library/TinyTeX/texmf-dist/tex/latex/unicode-math/unicode-math.s
ty (/Users/haziqj/Library/TinyTeX/texmf-dist/tex/latex/l3kernel/expl3.sty
Package: expl3 2021-11-12 L3 programming layer (loader) 

(/Users/haziqj/Library/TinyTeX/texmf-dist/tex/latex/l3backend/l3backend-xetex.d
ef
File: l3backend-xetex.def 2021-10-18 L3 backend support: XeTeX
(|extractbb --version)
\c__kernel_sys_dvipdfmx_version_int=\count266
\l__color_backend_stack_int=\count267
\g__color_backend_stack_int=\count268
\g__graphics_track_int=\count269
\l__pdf_internal_box=\box52
\g__pdf_backend_object_int=\count270
\g__pdf_backend_annotation_int=\count271
\g__pdf_backend_link_int=\count272
))
Package: unicode-math 2020/01/31 v0.8q Unicode maths in XeLaTeX and LuaLaTeX

(/Users/haziqj/Library/TinyTeX/texmf-dist/tex/latex/unicode-math/unicode-math-x
etex.sty
Package: unicode-math-xetex 2020/01/31 v0.8q Unicode maths in XeLaTeX and LuaLa
TeX

(/Users/haziqj/Library/TinyTeX/texmf-dist/tex/latex/l3packages/xparse/xparse.st
y
Package: xparse 2021-11-12 L3 Experimental document command parser
)
(/Users/haziqj/Library/TinyTeX/texmf-dist/tex/latex/l3packages/l3keys2e/l3keys2
e.sty
Package: l3keys2e 2021-11-12 LaTeX2e option processing using LaTeX3 keys
) (/Users/haziqj/Library/TinyTeX/texmf-dist/tex/latex/fontspec/fontspec.sty
Package: fontspec 2020/02/21 v2.7i Font selection for XeLaTeX and LuaLaTeX

(/Users/haziqj/Library/TinyTeX/texmf-dist/tex/latex/fontspec/fontspec-xetex.sty
Package: fontspec-xetex 2020/02/21 v2.7i Font selection for XeLaTeX and LuaLaTe
X
\l__fontspec_script_int=\count273
\l__fontspec_language_int=\count274
\l__fontspec_strnum_int=\count275
\l__fontspec_tmp_int=\count276
\l__fontspec_tmpa_int=\count277
\l__fontspec_tmpb_int=\count278
\l__fontspec_tmpc_int=\count279
\l__fontspec_em_int=\count280
\l__fontspec_emdef_int=\count281
\l__fontspec_strong_int=\count282
\l__fontspec_strongdef_int=\count283
\l__fontspec_tmpa_dim=\dimen148
\l__fontspec_tmpb_dim=\dimen149
\l__fontspec_tmpc_dim=\dimen150
(/Users/haziqj/Library/TinyTeX/texmf-dist/tex/latex/base/fontenc.sty
Package: fontenc 2021/04/29 v2.0v Standard LaTeX package
) (/Users/haziqj/Library/TinyTeX/texmf-dist/tex/latex/fontspec/fontspec.cfg))) 
(/Users/haziqj/Library/TinyTeX/texmf-dist/tex/latex/base/fix-cm.sty
Package: fix-cm 2020/11/24 v1.1t fixes to LaTeX
(/Users/haziqj/Library/TinyTeX/texmf-dist/tex/latex/base/ts1enc.def
File: ts1enc.def 2001/06/05 v3.0e (jk/car/fm) Standard LaTeX file
LaTeX Font Info:    Redeclaring font encoding TS1 on input line 47.
))
\g__um_fam_int=\count284
\g__um_fonts_used_int=\count285
\l__um_primecount_int=\count286
\g__um_primekern_muskip=\muskip17

(/Users/haziqj/Library/TinyTeX/texmf-dist/tex/latex/unicode-math/unicode-math-t
able.tex))) (/Users/haziqj/Library/TinyTeX/texmf-dist/tex/latex/xcolor/xcolor.s
ty
Package: xcolor 2021/10/31 v2.13 LaTeX color extensions (UK)
(/Users/haziqj/Library/TinyTeX/texmf-dist/tex/latex/graphics-cfg/color.cfg
File: color.cfg 2016/01/02 v1.6 sample color configuration
)
Package xcolor Info: Driver file: xetex.def on input line 227.
(/Users/haziqj/Library/TinyTeX/texmf-dist/tex/latex/graphics-def/xetex.def
File: xetex.def 2021/03/18 v5.0k Graphics/color driver for xetex
)
Package xcolor Info: Model `cmy' substituted by `cmy0' on input line 1352.
Package xcolor Info: Model `RGB' extended on input line 1368.
Package xcolor Info: Model `HTML' substituted by `rgb' on input line 1370.
Package xcolor Info: Model `Hsb' substituted by `hsb' on input line 1371.
Package xcolor Info: Model `tHsb' substituted by `hsb' on input line 1372.
Package xcolor Info: Model `HSB' substituted by `hsb' on input line 1373.
Package xcolor Info: Model `Gray' substituted by `gray' on input line 1374.
Package xcolor Info: Model `wave' substituted by `hsb' on input line 1375.
) (/Users/haziqj/Library/TinyTeX/texmf-dist/tex/latex/hyperref/hyperref.sty
Package: hyperref 2021-06-07 v7.00m Hypertext links for LaTeX
(/Users/haziqj/Library/TinyTeX/texmf-dist/tex/generic/ltxcmds/ltxcmds.sty
Package: ltxcmds 2020-05-10 v1.25 LaTeX kernel commands for general use (HO)
)
(/Users/haziqj/Library/TinyTeX/texmf-dist/tex/generic/pdftexcmds/pdftexcmds.sty
Package: pdftexcmds 2020-06-27 v0.33 Utility functions of pdfTeX for LuaTeX (HO
)
(/Users/haziqj/Library/TinyTeX/texmf-dist/tex/generic/infwarerr/infwarerr.sty
Package: infwarerr 2019/12/03 v1.5 Providing info/warning/error messages (HO)
)
Package pdftexcmds Info: \pdf@primitive is available.
Package pdftexcmds Info: \pdf@ifprimitive is available.
Package pdftexcmds Info: \pdfdraftmode not found.
) (/Users/haziqj/Library/TinyTeX/texmf-dist/tex/latex/graphics/keyval.sty
Package: keyval 2014/10/28 v1.15 key=value parser (DPC)
\KV@toks@=\toks21
) (/Users/haziqj/Library/TinyTeX/texmf-dist/tex/generic/kvsetkeys/kvsetkeys.sty
Package: kvsetkeys 2019/12/15 v1.18 Key value parser (HO)
)
(/Users/haziqj/Library/TinyTeX/texmf-dist/tex/generic/kvdefinekeys/kvdefinekeys
.sty
Package: kvdefinekeys 2019-12-19 v1.6 Define keys (HO)
) (/Users/haziqj/Library/TinyTeX/texmf-dist/tex/generic/pdfescape/pdfescape.sty
Package: pdfescape 2019/12/09 v1.15 Implements pdfTeX's escape features (HO)
) (/Users/haziqj/Library/TinyTeX/texmf-dist/tex/latex/hycolor/hycolor.sty
Package: hycolor 2020-01-27 v1.10 Color options for hyperref/bookmark (HO)
)
(/Users/haziqj/Library/TinyTeX/texmf-dist/tex/latex/letltxmacro/letltxmacro.sty
Package: letltxmacro 2019/12/03 v1.6 Let assignment for LaTeX macros (HO)
) (/Users/haziqj/Library/TinyTeX/texmf-dist/tex/latex/auxhook/auxhook.sty
Package: auxhook 2019-12-17 v1.6 Hooks for auxiliary files (HO)
) (/Users/haziqj/Library/TinyTeX/texmf-dist/tex/latex/kvoptions/kvoptions.sty
Package: kvoptions 2020-10-07 v3.14 Key value format for package options (HO)
)
\@linkdim=\dimen151
\Hy@linkcounter=\count287
\Hy@pagecounter=\count288
(/Users/haziqj/Library/TinyTeX/texmf-dist/tex/latex/hyperref/pd1enc.def
File: pd1enc.def 2021-06-07 v7.00m Hyperref: PDFDocEncoding definition (HO)
)
(/Users/haziqj/Library/TinyTeX/texmf-dist/tex/latex/hyperref/hyperref-langpatch
es.def
File: hyperref-langpatches.def 2021-06-07 v7.00m Hyperref: patches for babel la
nguages
) (/Users/haziqj/Library/TinyTeX/texmf-dist/tex/generic/intcalc/intcalc.sty
Package: intcalc 2019/12/15 v1.3 Expandable calculations with integers (HO)
) (/Users/haziqj/Library/TinyTeX/texmf-dist/tex/generic/etexcmds/etexcmds.sty
Package: etexcmds 2019/12/15 v1.7 Avoid name clashes with e-TeX commands (HO)
)
\Hy@SavedSpaceFactor=\count289
(/Users/haziqj/Library/TinyTeX/texmf-dist/tex/latex/hyperref/puenc.def
File: puenc.def 2021-06-07 v7.00m Hyperref: PDF Unicode definition (HO)
)
Package hyperref Info: Option `unicode' set `true' on input line 4073.
Package hyperref Info: Hyper figures OFF on input line 4192.
Package hyperref Info: Link nesting OFF on input line 4197.
Package hyperref Info: Hyper index ON on input line 4200.
Package hyperref Info: Plain pages OFF on input line 4207.
Package hyperref Info: Backreferencing OFF on input line 4212.
Package hyperref Info: Implicit mode ON; LaTeX internals redefined.
Package hyperref Info: Bookmarks ON on input line 4445.
\c@Hy@tempcnt=\count290
(/Users/haziqj/Library/TinyTeX/texmf-dist/tex/latex/url/url.sty
\Urlmuskip=\muskip18
Package: url 2013/09/16  ver 3.4  Verb mode for urls, etc.
)
LaTeX Info: Redefining \url on input line 4804.
\XeTeXLinkMargin=\dimen152
(/Users/haziqj/Library/TinyTeX/texmf-dist/tex/generic/bitset/bitset.sty
Package: bitset 2019/12/09 v1.3 Handle bit-vector datatype (HO)

(/Users/haziqj/Library/TinyTeX/texmf-dist/tex/generic/bigintcalc/bigintcalc.sty
Package: bigintcalc 2019/12/15 v1.5 Expandable calculations on big integers (HO
)
))
\Fld@menulength=\count291
\Field@Width=\dimen153
\Fld@charsize=\dimen154
Package hyperref Info: Hyper figures OFF on input line 6076.
Package hyperref Info: Link nesting OFF on input line 6081.
Package hyperref Info: Hyper index ON on input line 6084.
Package hyperref Info: backreferencing OFF on input line 6091.
Package hyperref Info: Link coloring OFF on input line 6096.
Package hyperref Info: Link coloring with OCG OFF on input line 6101.
Package hyperref Info: PDF/A mode OFF on input line 6106.
LaTeX Info: Redefining \ref on input line 6146.
LaTeX Info: Redefining \pageref on input line 6150.
(/Users/haziqj/Library/TinyTeX/texmf-dist/tex/latex/base/atbegshi-ltx.sty
Package: atbegshi-ltx 2021/01/10 v1.0c Emulation of the original atbegshi
package with kernel methods
)
\Hy@abspage=\count292
\c@Item=\count293
\c@Hfootnote=\count294
)
Package hyperref Info: Driver (autodetected): hxetex.
(/Users/haziqj/Library/TinyTeX/texmf-dist/tex/latex/hyperref/hxetex.def
File: hxetex.def 2021-06-07 v7.00m Hyperref driver for XeTeX
(/Users/haziqj/Library/TinyTeX/texmf-dist/tex/generic/stringenc/stringenc.sty
Package: stringenc 2019/11/29 v1.12 Convert strings between diff. encodings (HO
)
)
\pdfm@box=\box53
\c@Hy@AnnotLevel=\count295
\HyField@AnnotCount=\count296
\Fld@listcount=\count297
\c@bookmark@seq@number=\count298

(/Users/haziqj/Library/TinyTeX/texmf-dist/tex/latex/rerunfilecheck/rerunfileche
ck.sty
Package: rerunfilecheck 2019/12/05 v1.9 Rerun checks for auxiliary files (HO)
(/Users/haziqj/Library/TinyTeX/texmf-dist/tex/latex/base/atveryend-ltx.sty
Package: atveryend-ltx 2020/08/19 v1.0a Emulation of the original atveryend pac
kage
with kernel methods
)
(/Users/haziqj/Library/TinyTeX/texmf-dist/tex/generic/uniquecounter/uniquecount
er.sty
Package: uniquecounter 2019/12/15 v1.4 Provide unlimited unique counter (HO)
)
Package uniquecounter Info: New unique counter `rerunfilecheck' on input line 2
86.
)
\Hy@SectionHShift=\skip52
) (/Users/haziqj/Library/TinyTeX/texmf-dist/tex/latex/fancyvrb/fancyvrb.sty
Package: fancyvrb 2021/10/15 v3.9 verbatim text (tvz,hv)
\FV@CodeLineNo=\count299
\FV@InFile=\read2
\FV@TabBox=\box54
\c@FancyVerbLine=\count300
\FV@StepNumber=\count301
\FV@OutFile=\write3
) (/Users/haziqj/Library/TinyTeX/texmf-dist/tex/latex/framed/framed.sty
Package: framed 2011/10/22 v 0.96: framed or shaded text with page breaks
\OuterFrameSep=\skip53
\fb@frw=\dimen155
\fb@frh=\dimen156
\FrameRule=\dimen157
\FrameSep=\dimen158
) (/Users/haziqj/Library/TinyTeX/texmf-dist/tex/latex/tools/longtable.sty
Package: longtable 2021-09-01 v4.17 Multi-page Table package (DPC)
\LTleft=\skip54
\LTright=\skip55
\LTpre=\skip56
\LTpost=\skip57
\LTchunksize=\count302
\LTcapwidth=\dimen159
\LT@head=\box55
\LT@firsthead=\box56
\LT@foot=\box57
\LT@lastfoot=\box58
\LT@gbox=\box59
\LT@cols=\count303
\LT@rows=\count304
\c@LT@tables=\count305
\c@LT@chunks=\count306
\LT@p@ftn=\toks22
) (/Users/haziqj/Library/TinyTeX/texmf-dist/tex/latex/booktabs/booktabs.sty
Package: booktabs 2020/01/12 v1.61803398 Publication quality tables
\heavyrulewidth=\dimen160
\lightrulewidth=\dimen161
\cmidrulewidth=\dimen162
\belowrulesep=\dimen163
\belowbottomsep=\dimen164
\aboverulesep=\dimen165
\abovetopsep=\dimen166
\cmidrulesep=\dimen167
\cmidrulekern=\dimen168
\defaultaddspace=\dimen169
\@cmidla=\count307
\@cmidlb=\count308
\@aboverulesep=\dimen170
\@belowrulesep=\dimen171
\@thisruleclass=\count309
\@lastruleclass=\count310
\@thisrulewidth=\dimen172
) (/Users/haziqj/Library/TinyTeX/texmf-dist/tex/latex/tools/array.sty
Package: array 2021/10/04 v2.5f Tabular extension package (FMi)
\col@sep=\dimen173
\ar@mcellbox=\box60
\extrarowheight=\dimen174
\NC@list=\toks23
\extratabsurround=\skip58
\backup@length=\skip59
\ar@cellbox=\box61
) (/Users/haziqj/Library/TinyTeX/texmf-dist/tex/latex/tools/calc.sty
Package: calc 2017/05/25 v4.3 Infix arithmetic (KKT,FJ)
\calc@Acount=\count311
\calc@Bcount=\count312
\calc@Adimen=\dimen175
\calc@Bdimen=\dimen176
\calc@Askip=\skip60
\calc@Bskip=\skip61
LaTeX Info: Redefining \setlength on input line 80.
LaTeX Info: Redefining \addtolength on input line 81.
\calc@Ccount=\count313
\calc@Cskip=\skip62
) (/Users/haziqj/Library/TinyTeX/texmf-dist/tex/latex/etoolbox/etoolbox.sty
Package: etoolbox 2020/10/05 v2.5k e-TeX tools for LaTeX (JAW)
\etb@tempcnta=\count314
) (/Users/haziqj/Library/TinyTeX/texmf-dist/tex/latex/mdwtools/footnote.sty
Package: footnote 1997/01/28 1.13 Save footnotes around boxes
\fn@notes=\box62
\fn@width=\dimen177
) (/Users/haziqj/Library/TinyTeX/texmf-dist/tex/latex/graphics/graphicx.sty
Package: graphicx 2021/09/16 v1.2d Enhanced LaTeX Graphics (DPC,SPQR)
(/Users/haziqj/Library/TinyTeX/texmf-dist/tex/latex/graphics/graphics.sty
Package: graphics 2021/03/04 v1.4d Standard LaTeX Graphics (DPC,SPQR)
(/Users/haziqj/Library/TinyTeX/texmf-dist/tex/latex/graphics/trig.sty
Package: trig 2021/08/11 v1.11 sin cos tan (DPC)
) (/Users/haziqj/Library/TinyTeX/texmf-dist/tex/latex/graphics-cfg/graphics.cfg
File: graphics.cfg 2016/06/04 v1.11 sample graphics configuration
)
Package graphics Info: Driver file: xetex.def on input line 107.
)
\Gin@req@height=\dimen178
\Gin@req@width=\dimen179
) (/Users/haziqj/Library/TinyTeX/texmf-dist/tex/generic/ulem/ulem.sty
\UL@box=\box63
\UL@hyphenbox=\box64
\UL@skip=\skip63
\UL@hook=\toks24
\UL@height=\dimen180
\UL@pe=\count315
\UL@pixel=\dimen181
\ULC@box=\box65
Package: ulem 2019/11/18
\ULdepth=\dimen182
) (/Users/haziqj/Library/TinyTeX/texmf-dist/tex/latex/geometry/geometry.sty
Package: geometry 2020/01/02 v5.9 Page Geometry
(/Users/haziqj/Library/TinyTeX/texmf-dist/tex/generic/iftex/ifvtex.sty
Package: ifvtex 2019/10/25 v1.7 ifvtex legacy package. Use iftex instead.
)
\Gm@cnth=\count316
\Gm@cntv=\count317
\c@Gm@tempcnt=\count318
\Gm@bindingoffset=\dimen183
\Gm@wd@mp=\dimen184
\Gm@odd@mp=\dimen185
\Gm@even@mp=\dimen186
\Gm@layoutwidth=\dimen187
\Gm@layoutheight=\dimen188
\Gm@layouthoffset=\dimen189
\Gm@layoutvoffset=\dimen190
\Gm@dimlist=\toks25
) (/Users/haziqj/Library/TinyTeX/texmf-dist/tex/latex/doublestroke/dsfont.sty
Package: dsfont 1995/08/01 v0.1 Double stroke roman fonts
) (/Users/haziqj/Library/TinyTeX/texmf-dist/tex/latex/cancel/cancel.sty
Package: cancel 2013/04/12 v2.2 Cancel math terms
) (/Users/haziqj/Library/TinyTeX/texmf-dist/tex/latex/oberdiek/centernot.sty
Package: centernot 2016/05/16 v1.4 Centers the not symbol horizontally (HO)
) (/Users/haziqj/Library/TinyTeX/texmf-dist/tex/latex/natbib/natbib.sty
Package: natbib 2010/09/13 8.31b (PWD, AO)
\bibhang=\skip64
\bibsep=\skip65
LaTeX Info: Redefining \cite on input line 694.
\c@NAT@ctr=\count319
) (/Users/haziqj/Library/TinyTeX/texmf-dist/tex/latex/amscls/amsthm.sty
Package: amsthm 2020/05/29 v2.20.6
\thm@style=\toks26
\thm@bodyfont=\toks27
\thm@headfont=\toks28
\thm@notefont=\toks29
\thm@headpunct=\toks30
\thm@preskip=\skip66
\thm@postskip=\skip67
\thm@headsep=\skip68
\dth@everypar=\toks31
)
\c@theorem=\count320
\c@lemma=\count321
\c@corollary=\count322
\c@proposition=\count323
\c@conjecture=\count324
\c@definition=\count325
\c@example=\count326
\c@exercise=\count327
\c@hypothesis=\count328
(./bookdown-adv-stats.aux)
\openout1 = `bookdown-adv-stats.aux'.

LaTeX Font Info:    Checking defaults for OML/cmm/m/it on input line 337.
LaTeX Font Info:    ... okay on input line 337.
LaTeX Font Info:    Checking defaults for OMS/cmsy/m/n on input line 337.
LaTeX Font Info:    ... okay on input line 337.
LaTeX Font Info:    Checking defaults for OT1/cmr/m/n on input line 337.
LaTeX Font Info:    ... okay on input line 337.
LaTeX Font Info:    Checking defaults for T1/cmr/m/n on input line 337.
LaTeX Font Info:    ... okay on input line 337.
LaTeX Font Info:    Checking defaults for TS1/cmr/m/n on input line 337.
LaTeX Font Info:    ... okay on input line 337.
LaTeX Font Info:    Checking defaults for TU/lmr/m/n on input line 337.
LaTeX Font Info:    ... okay on input line 337.
LaTeX Font Info:    Checking defaults for OMX/cmex/m/n on input line 337.
LaTeX Font Info:    ... okay on input line 337.
LaTeX Font Info:    Checking defaults for U/cmr/m/n on input line 337.
LaTeX Font Info:    ... okay on input line 337.
LaTeX Font Info:    Checking defaults for PD1/pdf/m/n on input line 337.
LaTeX Font Info:    ... okay on input line 337.
LaTeX Font Info:    Checking defaults for PU/pdf/m/n on input line 337.
LaTeX Font Info:    ... okay on input line 337.
LaTeX Font Info:    Overwriting math alphabet `\mathrm' in version `normal'
(Font)                  OT1/lmr/m/n --> TU/lmr/m/n on input line 337.
LaTeX Font Info:    Overwriting math alphabet `\mathit' in version `normal'
(Font)                  OT1/lmr/m/it --> TU/lmr/m/it on input line 337.
LaTeX Font Info:    Overwriting math alphabet `\mathbf' in version `normal'
(Font)                  OT1/lmr/bx/n --> TU/lmr/bx/n on input line 337.
LaTeX Font Info:    Overwriting math alphabet `\mathsf' in version `normal'
(Font)                  OT1/lmss/m/n --> TU/lmss/m/n on input line 337.
LaTeX Font Info:    Overwriting math alphabet `\mathsf' in version `bold'
(Font)                  OT1/lmss/bx/n --> TU/lmss/bx/n on input line 337.
LaTeX Font Info:    Overwriting math alphabet `\mathtt' in version `normal'
(Font)                  OT1/lmtt/m/n --> TU/lmtt/m/n on input line 337.
LaTeX Font Info:    Overwriting math alphabet `\mathtt' in version `bold'
(Font)                  OT1/lmtt/m/n --> TU/lmtt/bx/n on input line 337.

Package fontspec Info: latinmodern-math scale = 0.9999964596882403.


Package fontspec Info: latinmodern-math scale = 0.9999964596882403.


Package fontspec Info: latinmodern-math scale = 0.9999964596882403.


Package fontspec Info: Font family 'latinmodern-math.otf(0)' created for font
(fontspec)             'latinmodern-math.otf' with options
(fontspec)             [Scale=MatchLowercase,BoldItalicFont={},ItalicFont={},Sm
allCapsFont={},Script=Math,BoldFont={latinmodern-math.otf}].
(fontspec)              
(fontspec)              This font family consists of the following NFSS
(fontspec)             series/shapes:
(fontspec)              
(fontspec)             - 'normal' (m/n) with NFSS spec.:
(fontspec)             <->s*[0.9999964596882403]"[latinmodern-math.otf]/OT:scri
pt=math;language=dflt;"
(fontspec)             - 'small caps'  (m/sc) with NFSS spec.: 
(fontspec)             - 'bold' (b/n) with NFSS spec.:
(fontspec)             <->s*[0.9999964596882403]"[latinmodern-math.otf]/OT:scri
pt=math;language=dflt;"
(fontspec)             - 'bold small caps'  (b/sc) with NFSS spec.: 

LaTeX Font Info:    Font shape `TU/latinmodern-math.otf(0)/m/n' will be
(Font)              scaled to size 10.0pt on input line 337.

Package fontspec Info: latinmodern-math scale = 0.9999964596882403.


Package fontspec Info: latinmodern-math scale = 0.9999964596882403.


Package fontspec Info: latinmodern-math scale = 0.9999964596882403.


Package fontspec Info: latinmodern-math scale = 0.9999964596882403.


Package fontspec Info: latinmodern-math scale = 0.9999964596882403.


Package fontspec Info: Font family 'latinmodern-math.otf(1)' created for font
(fontspec)             'latinmodern-math.otf' with options
(fontspec)             [Scale=MatchLowercase,BoldItalicFont={},ItalicFont={},Sm
allCapsFont={},Script=Math,SizeFeatures={{Size=8.5-},{Size=6-8.5,Font=latinmode
rn-math.otf,Style=MathScript},{Size=-6,Font=latinmodern-math.otf,Style=MathScri
ptScript}},BoldFont={latinmodern-math.otf}].
(fontspec)              
(fontspec)              This font family consists of the following NFSS
(fontspec)             series/shapes:
(fontspec)              
(fontspec)             - 'normal' (m/n) with NFSS spec.:
(fontspec)             <8.5->s*[0.9999964596882403]"[latinmodern-math.otf]/OT:s
cript=math;language=dflt;"<6-8.5>s*[0.9999964596882403]"[latinmodern-math.otf]/
OT:script=math;language=dflt;+ssty=0;"<-6>s*[0.9999964596882403]"[latinmodern-m
ath.otf]/OT:script=math;language=dflt;+ssty=1;"
(fontspec)             - 'small caps'  (m/sc) with NFSS spec.: 
(fontspec)             - 'bold' (b/n) with NFSS spec.:
(fontspec)             <->s*[0.9999964596882403]"[latinmodern-math.otf]/OT:scri
pt=math;language=dflt;"
(fontspec)             - 'bold small caps'  (b/sc) with NFSS spec.: 

LaTeX Font Info:    Font shape `TU/latinmodern-math.otf(1)/m/n' will be
(Font)              scaled to size 10.0pt on input line 337.
LaTeX Font Info:    Encoding `OT1' has changed to `TU' for symbol font
(Font)              `operators' in the math version `normal' on input line 337.

LaTeX Font Info:    Overwriting symbol font `operators' in version `normal'
(Font)                  OT1/lmr/m/n --> TU/latinmodern-math.otf(1)/m/n on input
 line 337.
LaTeX Font Info:    Encoding `OT1' has changed to `TU' for symbol font
(Font)              `operators' in the math version `bold' on input line 337.
LaTeX Font Info:    Overwriting symbol font `operators' in version `bold'
(Font)                  OT1/lmr/bx/n --> TU/latinmodern-math.otf(1)/b/n on inpu
t line 337.

Package fontspec Info: latinmodern-math scale = 0.9999964596882403.


Package fontspec Info: latinmodern-math scale = 1.000096459334209.


Package fontspec Info: latinmodern-math scale = 0.9999964596882403.


Package fontspec Info: latinmodern-math scale = 1.000096459334209.


Package fontspec Info: latinmodern-math scale = 0.9999964596882403.


Package fontspec Info: latinmodern-math scale = 1.000096459334209.


Package fontspec Info: latinmodern-math scale = 0.9999964596882403.


Package fontspec Info: latinmodern-math scale = 1.000096459334209.


Package fontspec Info: latinmodern-math scale = 0.9999964596882403.


Package fontspec Info: latinmodern-math scale = 1.000096459334209.


Package fontspec Info: Font family 'latinmodern-math.otf(2)' created for font
(fontspec)             'latinmodern-math.otf' with options
(fontspec)             [Scale=MatchLowercase,BoldItalicFont={},ItalicFont={},Sm
allCapsFont={},Script=Math,SizeFeatures={{Size=8.5-},{Size=6-8.5,Font=latinmode
rn-math.otf,Style=MathScript},{Size=-6,Font=latinmodern-math.otf,Style=MathScri
ptScript}},BoldFont={latinmodern-math.otf},ScaleAgain=1.0001,FontAdjustment={\f
ontdimen
(fontspec)             8\font =6.77pt\relax \fontdimen 9\font =3.94pt\relax
(fontspec)             \fontdimen 10\font =4.44pt\relax \fontdimen 11\font
(fontspec)             =6.86pt\relax \fontdimen 12\font =3.45pt\relax
(fontspec)             \fontdimen 13\font =3.63pt\relax \fontdimen 14\font
(fontspec)             =3.63pt\relax \fontdimen 15\font =2.89pt\relax
(fontspec)             \fontdimen 16\font =2.47pt\relax \fontdimen 17\font
(fontspec)             =2.47pt\relax \fontdimen 18\font =2.5pt\relax
(fontspec)             \fontdimen 19\font =2.0pt\relax \fontdimen 22\font
(fontspec)             =2.5pt\relax \fontdimen 20\font =0pt\relax \fontdimen
(fontspec)             21\font =0pt\relax }].
(fontspec)              
(fontspec)              This font family consists of the following NFSS
(fontspec)             series/shapes:
(fontspec)              
(fontspec)             - 'normal' (m/n) with NFSS spec.:
(fontspec)             <8.5->s*[1.000096459334209]"[latinmodern-math.otf]/OT:sc
ript=math;language=dflt;"<6-8.5>s*[1.000096459334209]"[latinmodern-math.otf]/OT
:script=math;language=dflt;+ssty=0;"<-6>s*[1.000096459334209]"[latinmodern-math
.otf]/OT:script=math;language=dflt;+ssty=1;"
(fontspec)             - 'small caps'  (m/sc) with NFSS spec.: 
(fontspec)             and font adjustment code:
(fontspec)             \fontdimen 8\font =6.77pt\relax \fontdimen 9\font
(fontspec)             =3.94pt\relax \fontdimen 10\font =4.44pt\relax
(fontspec)             \fontdimen 11\font =6.86pt\relax \fontdimen 12\font
(fontspec)             =3.45pt\relax \fontdimen 13\font =3.63pt\relax
(fontspec)             \fontdimen 14\font =3.63pt\relax \fontdimen 15\font
(fontspec)             =2.89pt\relax \fontdimen 16\font =2.47pt\relax
(fontspec)             \fontdimen 17\font =2.47pt\relax \fontdimen 18\font
(fontspec)             =2.5pt\relax \fontdimen 19\font =2.0pt\relax \fontdimen
(fontspec)             22\font =2.5pt\relax \fontdimen 20\font =0pt\relax
(fontspec)             \fontdimen 21\font =0pt\relax 
(fontspec)             - 'bold' (b/n) with NFSS spec.:
(fontspec)             <->s*[1.000096459334209]"[latinmodern-math.otf]/OT:scrip
t=math;language=dflt;"
(fontspec)             - 'bold small caps'  (b/sc) with NFSS spec.: 
(fontspec)             and font adjustment code:
(fontspec)             \fontdimen 8\font =6.77pt\relax \fontdimen 9\font
(fontspec)             =3.94pt\relax \fontdimen 10\font =4.44pt\relax
(fontspec)             \fontdimen 11\font =6.86pt\relax \fontdimen 12\font
(fontspec)             =3.45pt\relax \fontdimen 13\font =3.63pt\relax
(fontspec)             \fontdimen 14\font =3.63pt\relax \fontdimen 15\font
(fontspec)             =2.89pt\relax \fontdimen 16\font =2.47pt\relax
(fontspec)             \fontdimen 17\font =2.47pt\relax \fontdimen 18\font
(fontspec)             =2.5pt\relax \fontdimen 19\font =2.0pt\relax \fontdimen
(fontspec)             22\font =2.5pt\relax \fontdimen 20\font =0pt\relax
(fontspec)             \fontdimen 21\font =0pt\relax 

LaTeX Font Info:    Encoding `OMS' has changed to `TU' for symbol font
(Font)              `symbols' in the math version `normal' on input line 337.
LaTeX Font Info:    Overwriting symbol font `symbols' in version `normal'
(Font)                  OMS/lmsy/m/n --> TU/latinmodern-math.otf(2)/m/n on inpu
t line 337.
LaTeX Font Info:    Encoding `OMS' has changed to `TU' for symbol font
(Font)              `symbols' in the math version `bold' on input line 337.
LaTeX Font Info:    Overwriting symbol font `symbols' in version `bold'
(Font)                  OMS/lmsy/b/n --> TU/latinmodern-math.otf(2)/b/n on inpu
t line 337.

Package fontspec Info: latinmodern-math scale = 0.9999964596882403.


Package fontspec Info: latinmodern-math scale = 0.9998964600422715.


Package fontspec Info: latinmodern-math scale = 0.9999964596882403.


Package fontspec Info: latinmodern-math scale = 0.9998964600422715.


Package fontspec Info: latinmodern-math scale = 0.9999964596882403.


Package fontspec Info: latinmodern-math scale = 0.9998964600422715.


Package fontspec Info: latinmodern-math scale = 0.9999964596882403.


Package fontspec Info: latinmodern-math scale = 0.9998964600422715.


Package fontspec Info: latinmodern-math scale = 0.9999964596882403.


Package fontspec Info: latinmodern-math scale = 0.9998964600422715.


Package fontspec Info: Font family 'latinmodern-math.otf(3)' created for font
(fontspec)             'latinmodern-math.otf' with options
(fontspec)             [Scale=MatchLowercase,BoldItalicFont={},ItalicFont={},Sm
allCapsFont={},Script=Math,SizeFeatures={{Size=8.5-},{Size=6-8.5,Font=latinmode
rn-math.otf,Style=MathScript},{Size=-6,Font=latinmodern-math.otf,Style=MathScri
ptScript}},BoldFont={latinmodern-math.otf},ScaleAgain=0.9999,FontAdjustment={\f
ontdimen
(fontspec)             8\font =0.4pt\relax \fontdimen 9\font =2.0pt\relax
(fontspec)             \fontdimen 10\font =1.67pt\relax \fontdimen 11\font
(fontspec)             =1.11pt\relax \fontdimen 12\font =6.0pt\relax
(fontspec)             \fontdimen 13\font =0pt\relax }].
(fontspec)              
(fontspec)              This font family consists of the following NFSS
(fontspec)             series/shapes:
(fontspec)              
(fontspec)             - 'normal' (m/n) with NFSS spec.:
(fontspec)             <8.5->s*[0.9998964600422715]"[latinmodern-math.otf]/OT:s
cript=math;language=dflt;"<6-8.5>s*[0.9998964600422715]"[latinmodern-math.otf]/
OT:script=math;language=dflt;+ssty=0;"<-6>s*[0.9998964600422715]"[latinmodern-m
ath.otf]/OT:script=math;language=dflt;+ssty=1;"
(fontspec)             - 'small caps'  (m/sc) with NFSS spec.: 
(fontspec)             and font adjustment code:
(fontspec)             \fontdimen 8\font =0.4pt\relax \fontdimen 9\font
(fontspec)             =2.0pt\relax \fontdimen 10\font =1.67pt\relax
(fontspec)             \fontdimen 11\font =1.11pt\relax \fontdimen 12\font
(fontspec)             =6.0pt\relax \fontdimen 13\font =0pt\relax 
(fontspec)             - 'bold' (b/n) with NFSS spec.:
(fontspec)             <->s*[0.9998964600422715]"[latinmodern-math.otf]/OT:scri
pt=math;language=dflt;"
(fontspec)             - 'bold small caps'  (b/sc) with NFSS spec.: 
(fontspec)             and font adjustment code:
(fontspec)             \fontdimen 8\font =0.4pt\relax \fontdimen 9\font
(fontspec)             =2.0pt\relax \fontdimen 10\font =1.67pt\relax
(fontspec)             \fontdimen 11\font =1.11pt\relax \fontdimen 12\font
(fontspec)             =6.0pt\relax \fontdimen 13\font =0pt\relax 

LaTeX Font Info:    Encoding `OMX' has changed to `TU' for symbol font
(Font)              `largesymbols' in the math version `normal' on input line 3
37.
LaTeX Font Info:    Overwriting symbol font `largesymbols' in version `normal'
(Font)                  OMX/lmex/m/n --> TU/latinmodern-math.otf(3)/m/n on inpu
t line 337.
LaTeX Font Info:    Encoding `OMX' has changed to `TU' for symbol font
(Font)              `largesymbols' in the math version `bold' on input line 337
.
LaTeX Font Info:    Overwriting symbol font `largesymbols' in version `bold'
(Font)                  OMX/lmex/m/n --> TU/latinmodern-math.otf(3)/b/n on inpu
t line 337.
Package hyperref Info: Link coloring OFF on input line 337.
(/Users/haziqj/Library/TinyTeX/texmf-dist/tex/latex/hyperref/nameref.sty
Package: nameref 2021-04-02 v2.47 Cross-referencing by name of section
(/Users/haziqj/Library/TinyTeX/texmf-dist/tex/latex/refcount/refcount.sty
Package: refcount 2019/12/15 v3.6 Data extraction from label references (HO)
)
(/Users/haziqj/Library/TinyTeX/texmf-dist/tex/generic/gettitlestring/gettitlest
ring.sty
Package: gettitlestring 2019/12/15 v1.6 Cleanup title references (HO)
)
\c@section@level=\count329
)
LaTeX Info: Redefining \ref on input line 337.
LaTeX Info: Redefining \pageref on input line 337.
LaTeX Info: Redefining \nameref on input line 337.
(./bookdown-adv-stats.out) (./bookdown-adv-stats.out)
\@outlinefile=\write4
\openout4 = `bookdown-adv-stats.out'.

*geometry* driver: auto-detecting
*geometry* detected driver: xetex
*geometry* verbose mode - [ preamble ] result:
* driver: xetex
* paper: a4paper
* layout: <same size as paper>
* layoutoffset:(h,v)=(0.0pt,0.0pt)
* modes: twoside 
* h-part:(L,W,R)=(72.26999pt, 452.9679pt, 72.26999pt)
* v-part:(T,H,B)=(72.26999pt, 700.50687pt, 72.26999pt)
* \paperwidth=597.50787pt
* \paperheight=845.04684pt
* \textwidth=452.9679pt
* \textheight=700.50687pt
* \oddsidemargin=0.0pt
* \evensidemargin=0.0pt
* \topmargin=-30.06749pt
* \headheight=12.0pt
* \headsep=18.06749pt
* \topskip=10.0pt
* \footskip=25.29494pt
* \marginparwidth=125.0pt
* \marginparsep=7.0pt
* \columnsep=10.0pt
* \skip\footins=9.0pt plus 4.0pt minus 2.0pt
* \hoffset=0.0pt
* \voffset=0.0pt
* \mag=1000
* \@twocolumnfalse
* \@twosidetrue
* \@mparswitchtrue
* \@reversemarginfalse
* (1in=72.27pt=25.4mm, 1cm=28.453pt)

LaTeX Font Info:    Font shape `TU/latinmodern-math.otf(1)/m/n' will be
(Font)              scaled to size 12.0pt on input line 339.
LaTeX Font Info:    Font shape `TU/latinmodern-math.otf(1)/m/n' will be
(Font)              scaled to size 8.0pt on input line 339.
LaTeX Font Info:    Font shape `TU/latinmodern-math.otf(1)/m/n' will be
(Font)              scaled to size 6.0pt on input line 339.
LaTeX Font Info:    Trying to load font information for OML+lmm on input line 3
39.
(/Users/haziqj/Library/TinyTeX/texmf-dist/tex/latex/lm/omllmm.fd
File: omllmm.fd 2015/05/01 v1.6.1 Font defs for Latin Modern
)
LaTeX Font Info:    Font shape `TU/latinmodern-math.otf(2)/m/n' will be
(Font)              scaled to size 12.0011pt on input line 339.
LaTeX Font Info:    Font shape `TU/latinmodern-math.otf(2)/m/n' will be
(Font)              scaled to size 8.00073pt on input line 339.
LaTeX Font Info:    Font shape `TU/latinmodern-math.otf(2)/m/n' will be
(Font)              scaled to size 6.00055pt on input line 339.
LaTeX Font Info:    Font shape `TU/latinmodern-math.otf(3)/m/n' will be
(Font)              scaled to size 11.99872pt on input line 339.
LaTeX Font Info:    Font shape `TU/latinmodern-math.otf(3)/m/n' will be
(Font)              scaled to size 7.99915pt on input line 339.
LaTeX Font Info:    Font shape `TU/latinmodern-math.otf(3)/m/n' will be
(Font)              scaled to size 5.99936pt on input line 339.
LaTeX Font Info:    Trying to load font information for U+msa on input line 339
.
(/Users/haziqj/Library/TinyTeX/texmf-dist/tex/latex/amsfonts/umsa.fd
File: umsa.fd 2013/01/14 v3.01 AMS symbols A
)
LaTeX Font Info:    Trying to load font information for U+msb on input line 339
.
(/Users/haziqj/Library/TinyTeX/texmf-dist/tex/latex/amsfonts/umsb.fd
File: umsb.fd 2013/01/14 v3.01 AMS symbols B
) [1


] [2

] (./bookdown-adv-stats.toc
LaTeX Font Info:    Font shape `TU/latinmodern-math.otf(1)/m/n' will be
(Font)              scaled to size 7.0pt on input line 2.
LaTeX Font Info:    Font shape `TU/latinmodern-math.otf(1)/m/n' will be
(Font)              scaled to size 5.0pt on input line 2.
LaTeX Font Info:    Font shape `TU/latinmodern-math.otf(2)/m/n' will be
(Font)              scaled to size 10.00092pt on input line 2.
LaTeX Font Info:    Font shape `TU/latinmodern-math.otf(2)/m/n' will be
(Font)              scaled to size 7.00064pt on input line 2.
LaTeX Font Info:    Font shape `TU/latinmodern-math.otf(2)/m/n' will be
(Font)              scaled to size 5.00046pt on input line 2.
LaTeX Font Info:    Font shape `TU/latinmodern-math.otf(3)/m/n' will be
(Font)              scaled to size 9.99893pt on input line 2.
LaTeX Font Info:    Font shape `TU/latinmodern-math.otf(3)/m/n' will be
(Font)              scaled to size 6.99925pt on input line 2.
LaTeX Font Info:    Font shape `TU/latinmodern-math.otf(3)/m/n' will be
(Font)              scaled to size 4.99947pt on input line 2.
[3])
\tf@toc=\write5
\openout5 = `bookdown-adv-stats.toc'.

[4] [5

] [6]
File: figure/participation.png Graphic file (type bmp)
<figure/participation.png>
[7]
File: bookdown-adv-stats_files/figure-latex/studentperf-1.pdf Graphic file (typ
e pdf)
<use bookdown-adv-stats_files/figure-latex/studentperf-1.pdf>
[8] [9]
Underfull \hbox (badness 10000) in paragraph at lines 629--630
[][]$[][][][][] [] [] [] [][][] [] [][][][][][][][][][][][][] [] [][][] [] [][]
[][][][] [] [][][][][][][][][] [][] [][][][][][] [] [][][][][][] [][] [][][][][
][][][][][] [][] [][][][][][][][][][][] [][] [][][][][][][][][] [][]
 []

[10] [11

] [12]
File: figure/00-ds2.png Graphic file (type bmp)
<figure/00-ds2.png>
[13

]
File: figure/00-g80.jpg Graphic file (type bmp)
<figure/00-g80.jpg>
File: figure/00-aiti.png Graphic file (type bmp)
<figure/00-aiti.png>
[14] [15]
File: figure/00-popsample.png Graphic file (type bmp)
<figure/00-popsample.png>
LaTeX Font Info:    Font shape `TU/latinmodern-math.otf(1)/b/n' will be
(Font)              scaled to size 10.0pt on input line 795.
LaTeX Font Info:    Font shape `TU/latinmodern-math.otf(1)/b/n' will be
(Font)              scaled to size 7.0pt on input line 795.
LaTeX Font Info:    Font shape `TU/latinmodern-math.otf(1)/b/n' will be
(Font)              scaled to size 5.0pt on input line 795.
LaTeX Font Info:    Font shape `TU/latinmodern-math.otf(2)/b/n' will be
(Font)              scaled to size 10.00092pt on input line 795.
LaTeX Font Info:    Font shape `TU/latinmodern-math.otf(2)/b/n' will be
(Font)              scaled to size 7.00064pt on input line 795.
LaTeX Font Info:    Font shape `TU/latinmodern-math.otf(2)/b/n' will be
(Font)              scaled to size 5.00046pt on input line 795.
LaTeX Font Info:    Font shape `TU/latinmodern-math.otf(3)/b/n' will be
(Font)              scaled to size 9.99893pt on input line 795.
LaTeX Font Info:    Font shape `TU/latinmodern-math.otf(3)/b/n' will be
(Font)              scaled to size 6.99925pt on input line 795.
LaTeX Font Info:    Font shape `TU/latinmodern-math.otf(3)/b/n' will be
(Font)              scaled to size 4.99947pt on input line 795.
File: figure/00-theoreticaldataplane.png Graphic file (type bmp)
<figure/00-theoreticaldataplane.png>
[16] [17]
File: bookdown-adv-stats_files/figure-latex/unnamed-chunk-3-1.pdf Graphic file 
(type pdf)
<use bookdown-adv-stats_files/figure-latex/unnamed-chunk-3-1.pdf>
File: bookdown-adv-stats_files/figure-latex/unnamed-chunk-4-1.pdf Graphic file 
(type pdf)
<use bookdown-adv-stats_files/figure-latex/unnamed-chunk-4-1.pdf>
File: figure/00-probstats.jpeg Graphic file (type bmp)
<figure/00-probstats.jpeg>
[18] [19

] [20]
Chapter 1.
[21

]
File: figure/kolmogorov.jpg Graphic file (type bmp)
<figure/kolmogorov.jpg>
[22] [23]
File: figure/banach_tarski.png Graphic file (type bmp)
<figure/banach_tarski.png>
[24] [25]
File: figure/bayes.jpg Graphic file (type bmp)
<figure/bayes.jpg>
[26] [27]
File: bookdown-adv-stats_files/figure-latex/unnamed-chunk-6-1.pdf Graphic file 
(type pdf)
<use bookdown-adv-stats_files/figure-latex/unnamed-chunk-6-1.pdf>
File: bookdown-adv-stats_files/figure-latex/distfn-1.pdf Graphic file (type pdf
)
<use bookdown-adv-stats_files/figure-latex/distfn-1.pdf>
[28] [29]
File: bookdown-adv-stats_files/figure-latex/unnamed-chunk-7-1.pdf Graphic file 
(type pdf)
<use bookdown-adv-stats_files/figure-latex/unnamed-chunk-7-1.pdf>

LaTeX Warning: Command \d invalid in math mode on input line 1585.


LaTeX Warning: Command \d invalid in math mode on input line 1585.

Missing character: There is no ̣ ("323) in font lmmi10!
Missing character: There is no ̣ ("323) in font lmmi10!
[30]
File: bookdown-adv-stats_files/figure-latex/unnamed-chunk-8-1.pdf Graphic file 
(type pdf)
<use bookdown-adv-stats_files/figure-latex/unnamed-chunk-8-1.pdf>
File: bookdown-adv-stats_files/figure-latex/unnamed-chunk-9-1.pdf Graphic file 
(type pdf)
<use bookdown-adv-stats_files/figure-latex/unnamed-chunk-9-1.pdf>
[31]
File: figure/riemann_integration.png Graphic file (type bmp)
<figure/riemann_integration.png>
[32]
File: figure/bivariateunif.png Graphic file (type bmp)
<figure/bivariateunif.png>
[33]
File: bookdown-adv-stats_files/figure-latex/bivariateprob-1.pdf Graphic file (t
ype pdf)
<use bookdown-adv-stats_files/figure-latex/bivariateprob-1.pdf>
[34]
Overfull \hbox (20.38089pt too wide) in paragraph at lines 1816--1819
\TU/lmr/m/n/10 and similarly $[][][][][] [] [][][][][] [][]$ for $[]$. Note tha
t for continuous random variables, $[][] [] []   []$. 
 []

[35] [36]
File: bookdown-adv-stats_files/figure-latex/cauchy-1.pdf Graphic file (type pdf
)
<use bookdown-adv-stats_files/figure-latex/cauchy-1.pdf>
[37]
File: bookdown-adv-stats_files/figure-latex/normaldist-1.pdf Graphic file (type
 pdf)
<use bookdown-adv-stats_files/figure-latex/normaldist-1.pdf>
[38]
File: bookdown-adv-stats_files/figure-latex/corr1-1.pdf Graphic file (type pdf)

<use bookdown-adv-stats_files/figure-latex/corr1-1.pdf>
[39]
File: bookdown-adv-stats_files/figure-latex/corr2-1.pdf Graphic file (type pdf)

<use bookdown-adv-stats_files/figure-latex/corr2-1.pdf>

Underfull \vbox (badness 10000) has occurred while \output is active []

[40] [41] [42]
File: figure/lawoftotalvariance.png Graphic file (type bmp)
<figure/lawoftotalvariance.png>
[43]

LaTeX Warning: Command \d invalid in math mode on input line 2335.


LaTeX Warning: Command \d invalid in math mode on input line 2335.

Missing character: There is no ̣ ("323) in font lmmi10!
Missing character: There is no ṭ ("1E6D) in font lmmi10!

LaTeX Warning: Command \d invalid in math mode on input line 2335.


LaTeX Warning: Command \d invalid in math mode on input line 2335.

Missing character: There is no ̣ ("323) in font lmmi10!
Missing character: There is no ṭ ("1E6D) in font lmmi10!

LaTeX Warning: Command \d invalid in math mode on input line 2335.


LaTeX Warning: Command \d invalid in math mode on input line 2335.

Missing character: There is no ̣ ("323) in font lmmi10!
Missing character: There is no ṭ ("1E6D) in font lmmi10!

LaTeX Warning: Command \d invalid in math mode on input line 2335.


LaTeX Warning: Command \d invalid in math mode on input line 2335.

Missing character: There is no ̣ ("323) in font lmmi10!
Missing character: There is no ṭ ("1E6D) in font lmmi10!

LaTeX Warning: Command \d invalid in math mode on input line 2335.


LaTeX Warning: Command \d invalid in math mode on input line 2335.

Missing character: There is no ̣ ("323) in font lmmi10!
Missing character: There is no ṭ ("1E6D) in font lmmi10!

LaTeX Warning: Command \d invalid in math mode on input line 2335.


LaTeX Warning: Command \d invalid in math mode on input line 2335.

Missing character: There is no ̣ ("323) in font lmmi10!
Missing character: There is no ṭ ("1E6D) in font lmmi10!

LaTeX Warning: Command \d invalid in math mode on input line 2343.


LaTeX Warning: Command \d invalid in math mode on input line 2343.

Missing character: There is no ̣ ("323) in font lmmi7!
Missing character: There is no ṭ ("1E6D) in font lmmi10!
[44]
Chapter 2.
File: bookdown-adv-stats_files/figure-latex/normaldist_param-1.pdf Graphic file
 (type pdf)
<use bookdown-adv-stats_files/figure-latex/normaldist_param-1.pdf>
[45

] [46]

Package amsmath Warning: Foreign command \atopwithdelims;
(amsmath)                \frac or \genfrac should be used instead
(amsmath)                 on input line 2551.

[47] [48] [49]
File: bookdown-adv-stats_files/figure-latex/expdist-1.pdf Graphic file (type pd
f)
<use bookdown-adv-stats_files/figure-latex/expdist-1.pdf>
Missing character: There is no ^^K (U+000B) in font [lmroman8-regular]:mapping=
tex-text;!
[50]
File: bookdown-adv-stats_files/figure-latex/gammadist1-1.pdf Graphic file (type
 pdf)
<use bookdown-adv-stats_files/figure-latex/gammadist1-1.pdf>
[51]
File: bookdown-adv-stats_files/figure-latex/betadist-1.pdf Graphic file (type p
df)
<use bookdown-adv-stats_files/figure-latex/betadist-1.pdf>
[52]
File: bookdown-adv-stats_files/figure-latex/normalpdf-1.pdf Graphic file (type 
pdf)
<use bookdown-adv-stats_files/figure-latex/normalpdf-1.pdf>
File: bookdown-adv-stats_files/figure-latex/location_param-1.pdf Graphic file (
type pdf)
<use bookdown-adv-stats_files/figure-latex/location_param-1.pdf>
[53]
File: bookdown-adv-stats_files/figure-latex/scale_param-1.pdf Graphic file (typ
e pdf)
<use bookdown-adv-stats_files/figure-latex/scale_param-1.pdf>
File: figure/gauss.jpg Graphic file (type bmp)
<figure/gauss.jpg>
File: figure/deutschemark.jpg Graphic file (type bmp)
<figure/deutschemark.jpg>
[54] [55]
File: bookdown-adv-stats_files/figure-latex/empiricalrule-1.pdf Graphic file (t
ype pdf)
<use bookdown-adv-stats_files/figure-latex/empiricalrule-1.pdf>
File: bookdown-adv-stats_files/figure-latex/poisbin1-1.pdf Graphic file (type p
df)
<use bookdown-adv-stats_files/figure-latex/poisbin1-1.pdf>
[56]
File: bookdown-adv-stats_files/figure-latex/poisbin2-1.pdf Graphic file (type p
df)
<use bookdown-adv-stats_files/figure-latex/poisbin2-1.pdf>
File: bookdown-adv-stats_files/figure-latex/poisbin3-1.pdf Graphic file (type p
df)
<use bookdown-adv-stats_files/figure-latex/poisbin3-1.pdf>

Underfull \vbox (badness 10000) has occurred while \output is active []

[57]
File: figure/exp_poisson_process.png Graphic file (type bmp)
<figure/exp_poisson_process.png>
[58] [59] [60]
Chapter 3.
[61

] [62] [63] [64] [65]
File: figure/01-jensen.png Graphic file (type bmp)
<figure/01-jensen.png>
File: bookdown-adv-stats_files/figure-latex/limits1-1.pdf Graphic file (type pd
f)
<use bookdown-adv-stats_files/figure-latex/limits1-1.pdf>
[66]
File: bookdown-adv-stats_files/figure-latex/limits2-1.pdf Graphic file (type pd
f)
<use bookdown-adv-stats_files/figure-latex/limits2-1.pdf>
[67]
LaTeX Font Info:    Font shape `TU/lmtt/bx/n' in size <10> not available
(Font)              Font shape `TU/lmtt/b/n' tried instead on input line 3699.
File: bookdown-adv-stats_files/figure-latex/limits3-1.pdf Graphic file (type pd
f)
<use bookdown-adv-stats_files/figure-latex/limits3-1.pdf>
[68] [69]
File: bookdown-adv-stats_files/figure-latex/unnamed-chunk-12-1.pdf Graphic file
 (type pdf)
<use bookdown-adv-stats_files/figure-latex/unnamed-chunk-12-1.pdf>
[70]
File: bookdown-adv-stats_files/figure-latex/dicethrowplot-1.pdf Graphic file (t
ype pdf)
<use bookdown-adv-stats_files/figure-latex/dicethrowplot-1.pdf>
[71]
Underfull \hbox (badness 10000) in paragraph at lines 3965--3967

 []

[72]
File: bookdown-adv-stats_files/figure-latex/clteg3-1.pdf Graphic file (type pdf
)
<use bookdown-adv-stats_files/figure-latex/clteg3-1.pdf>
[73] [74]
File: bookdown-adv-stats_files/figure-latex/chisqdist-1.pdf Graphic file (type 
pdf)
<use bookdown-adv-stats_files/figure-latex/chisqdist-1.pdf>
[75] [76]
File: bookdown-adv-stats_files/figure-latex/tdist-1.pdf Graphic file (type pdf)

<use bookdown-adv-stats_files/figure-latex/tdist-1.pdf>
File: figure/student.jpg Graphic file (type bmp)
<figure/student.jpg>
[77] [78]
File: bookdown-adv-stats_files/figure-latex/Fdist-1.pdf Graphic file (type pdf)

<use bookdown-adv-stats_files/figure-latex/Fdist-1.pdf>
[79]
File: bookdown-adv-stats_files/figure-latex/anovasamp-1.pdf Graphic file (type 
pdf)
<use bookdown-adv-stats_files/figure-latex/anovasamp-1.pdf>
[80]
File: figure/fisher.jpg Graphic file (type bmp)
<figure/fisher.jpg>
[81] [82] [83

] [84]
Chapter 4.
[85

]
File: bookdown-adv-stats_files/figure-latex/likeg1-1.pdf Graphic file (type pdf
)
<use bookdown-adv-stats_files/figure-latex/likeg1-1.pdf>

Underfull \vbox (badness 7151) has occurred while \output is active []

[86] [87] [88]
LaTeX Font Info:    Trying to load font information for U+dsrom on input line 4
733.
(/Users/haziqj/Library/TinyTeX/texmf-dist/tex/latex/doublestroke/Udsrom.fd
File: Udsrom.fd 1995/08/01 v0.1 Double stroke roman font definitions
) [89] [90] [91]
File: bookdown-adv-stats_files/figure-latex/mleunique-1.pdf Graphic file (type 
pdf)
<use bookdown-adv-stats_files/figure-latex/mleunique-1.pdf>

LaTeX Warning: Command \l invalid in math mode on input line 4989.

Missing character: There is no ł ("142) in font lmmi10!
[92]
File: bookdown-adv-stats_files/figure-latex/uniflik-1.pdf Graphic file (type pd
f)
<use bookdown-adv-stats_files/figure-latex/uniflik-1.pdf>
[93] [94]
File: figure/biasvariance1.png Graphic file (type bmp)
<figure/biasvariance1.png>
[95] [96] [97] [98] [99] [100] [101] [102] [103] [104

]
Chapter 5.
[105] [106] [107] [108] [109] [110]
File: bookdown-adv-stats_files/figure-latex/binomp4-1.pdf Graphic file (type pd
f)
<use bookdown-adv-stats_files/figure-latex/binomp4-1.pdf>
[111]
File: bookdown-adv-stats_files/figure-latex/powerfun2-1.pdf Graphic file (type 
pdf)
<use bookdown-adv-stats_files/figure-latex/powerfun2-1.pdf>
[112]
File: bookdown-adv-stats_files/figure-latex/powerfun1-1.pdf Graphic file (type 
pdf)
<use bookdown-adv-stats_files/figure-latex/powerfun1-1.pdf>
File: figure/type12error.jpg Graphic file (type bmp)
<figure/type12error.jpg>
[113]
File: bookdown-adv-stats_files/figure-latex/minerror-1.pdf Graphic file (type p
df)
<use bookdown-adv-stats_files/figure-latex/minerror-1.pdf>
[114] [115]
Missing character: There is no ⧵ (U+29F5) in font [latinmodern-math.otf]/OT:scr
ipt=math;language=dflt;!
[116] [117] [118]
Chapter 6.
File: bookdown-adv-stats_files/figure-latex/bimodal_confint-1.pdf Graphic file 
(type pdf)
<use bookdown-adv-stats_files/figure-latex/bimodal_confint-1.pdf>
[119

] [120]
File: bookdown-adv-stats_files/figure-latex/ci_sim4-1.pdf Graphic file (type pd
f)
<use bookdown-adv-stats_files/figure-latex/ci_sim4-1.pdf>
[121] [122] [123] [124]
File: bookdown-adv-stats_files/figure-latex/invert_test_taut-1.pdf Graphic file
 (type pdf)
<use bookdown-adv-stats_files/figure-latex/invert_test_taut-1.pdf>
[125]
File: bookdown-adv-stats_files/figure-latex/sketch_rej_conf_reg-1.pdf Graphic f
ile (type pdf)
<use bookdown-adv-stats_files/figure-latex/sketch_rej_conf_reg-1.pdf>

Underfull \vbox (badness 4291) has occurred while \output is active []

[126] [127]
File: bookdown-adv-stats_files/figure-latex/opt_length-1.pdf Graphic file (type
 pdf)
<use bookdown-adv-stats_files/figure-latex/opt_length-1.pdf>

Underfull \vbox (badness 3271) has occurred while \output is active []

[128] [129] [130] [131]
File: figure/bootstrap.pdf Graphic file (type pdf)
<use figure/bootstrap.pdf>
[132] [133]
File: bookdown-adv-stats_files/figure-latex/kurtosis_eg1-1.pdf Graphic file (ty
pe pdf)
<use bookdown-adv-stats_files/figure-latex/kurtosis_eg1-1.pdf>
[134]
File: bookdown-adv-stats_files/figure-latex/boot_perc_int-1.pdf Graphic file (t
ype pdf)
<use bookdown-adv-stats_files/figure-latex/boot_perc_int-1.pdf>
[135] [136] [137]
File: bookdown-adv-stats_files/figure-latex/bootstrap_ci_eg_Efron3-1.pdf Graphi
c file (type pdf)
<use bookdown-adv-stats_files/figure-latex/bootstrap_ci_eg_Efron3-1.pdf>
[138]
Appendix A.
No file bookdown-adv-stats.bbl.
[139

] (./bookdown-adv-stats.aux)
Package rerunfilecheck Info: File `bookdown-adv-stats.out' has not changed.
(rerunfilecheck)             Checksum: 55436ACB0944232089BEAB6656DE936C;9492.
 ) 
Here is how much of TeX's memory you used:
 19592 strings out of 478274
 375828 string characters out of 5855633
 845259 words of memory out of 5000000
 39737 multiletter control sequences out of 15000+600000
 412096 words of font info for 106 fonts, out of 8000000 for 9000
 14 hyphenation exceptions out of 8191
 86i,19n,121p,757b,546s stack positions out of 5000i,500n,10000p,200000b,80000s

Output written on bookdown-adv-stats.pdf (139 pages).
